kotlin version: 2.0.21
error message: org.jetbrains.kotlin.util.FileAnalysisException: While analysing /home/twain/AndroidStudioProjects/tail/app/src/main/java/com/example/tail/ui/HabitViewModel.kt:350:38: java.lang.IllegalStateException: Could not read file: /home/twain/AndroidStudioProjects/tail/app/build/tmp/kotlin-classes/debug/com/example/tail/data/RollingHigh.class; size in bytes: -1; file type: CLASS
	at org.jetbrains.kotlin.util.AnalysisExceptionsKt.wrapIntoFileAnalysisExceptionIfNeeded(AnalysisExceptions.kt:57)
	at org.jetbrains.kotlin.fir.FirCliExceptionHandler.handleExceptionOnFileAnalysis(Utils.kt:249)
	at org.jetbrains.kotlin.fir.pipeline.AnalyseKt.runCheckers(analyse.kt:46)
	at org.jetbrains.kotlin.fir.pipeline.FirUtilsKt.resolveAndCheckFir(firUtils.kt:77)
	at org.jetbrains.kotlin.fir.pipeline.FirUtilsKt.buildResolveAndCheckFirViaLightTree(firUtils.kt:88)
	at org.jetbrains.kotlin.cli.jvm.compiler.pipeline.JvmCompilerPipelineKt.compileModuleToAnalyzedFir(jvmCompilerPipeline.kt:319)
	at org.jetbrains.kotlin.cli.jvm.compiler.pipeline.JvmCompilerPipelineKt.compileModulesUsingFrontendIrAndLightTree(jvmCompilerPipeline.kt:118)
	at org.jetbrains.kotlin.cli.jvm.K2JVMCompiler.doExecute(K2JVMCompiler.kt:148)
	at org.jetbrains.kotlin.cli.jvm.K2JVMCompiler.doExecute(K2JVMCompiler.kt:43)
	at org.jetbrains.kotlin.cli.common.CLICompiler.execImpl(CLICompiler.kt:103)
	at org.jetbrains.kotlin.cli.common.CLICompiler.execImpl(CLICompiler.kt:49)
	at org.jetbrains.kotlin.cli.common.CLITool.exec(CLITool.kt:101)
	at org.jetbrains.kotlin.incremental.IncrementalJvmCompilerRunner.runCompiler(IncrementalJvmCompilerRunner.kt:464)
	at org.jetbrains.kotlin.incremental.IncrementalJvmCompilerRunner.runCompiler(IncrementalJvmCompilerRunner.kt:73)
	at org.jetbrains.kotlin.incremental.IncrementalCompilerRunner.doCompile(IncrementalCompilerRunner.kt:506)
	at org.jetbrains.kotlin.incremental.IncrementalCompilerRunner.compileImpl(IncrementalCompilerRunner.kt:423)
	at org.jetbrains.kotlin.incremental.IncrementalCompilerRunner.tryCompileIncrementally$lambda$9$compile(IncrementalCompilerRunner.kt:249)
	at org.jetbrains.kotlin.incremental.IncrementalCompilerRunner.tryCompileIncrementally(IncrementalCompilerRunner.kt:267)
	at org.jetbrains.kotlin.incremental.IncrementalCompilerRunner.compile(IncrementalCompilerRunner.kt:120)
	at org.jetbrains.kotlin.daemon.CompileServiceImplBase.execIncrementalCompiler(CompileServiceImpl.kt:675)
	at org.jetbrains.kotlin.daemon.CompileServiceImplBase.access$execIncrementalCompiler(CompileServiceImpl.kt:92)
	at org.jetbrains.kotlin.daemon.CompileServiceImpl.compile(CompileServiceImpl.kt:1660)
	at java.base/jdk.internal.reflect.DirectMethodHandleAccessor.invoke(Unknown Source)
	at java.base/java.lang.reflect.Method.invoke(Unknown Source)
	at java.rmi/sun.rmi.server.UnicastServerRef.dispatch(Unknown Source)
	at java.rmi/sun.rmi.transport.Transport$1.run(Unknown Source)
	at java.rmi/sun.rmi.transport.Transport$1.run(Unknown Source)
	at java.base/java.security.AccessController.doPrivileged(Unknown Source)
	at java.rmi/sun.rmi.transport.Transport.serviceCall(Unknown Source)
	at java.rmi/sun.rmi.transport.tcp.TCPTransport.handleMessages(Unknown Source)
	at java.rmi/sun.rmi.transport.tcp.TCPTransport$ConnectionHandler.run0(Unknown Source)
	at java.rmi/sun.rmi.transport.tcp.TCPTransport$ConnectionHandler.lambda$run$0(Unknown Source)
	at java.base/java.security.AccessController.doPrivileged(Unknown Source)
	at java.rmi/sun.rmi.transport.tcp.TCPTransport$ConnectionHandler.run(Unknown Source)
	at java.base/java.util.concurrent.ThreadPoolExecutor.runWorker(Unknown Source)
	at java.base/java.util.concurrent.ThreadPoolExecutor$Worker.run(Unknown Source)
	at java.base/java.lang.Thread.run(Unknown Source)
Caused by: java.lang.IllegalStateException: Could not read file: /home/twain/AndroidStudioProjects/tail/app/build/tmp/kotlin-classes/debug/com/example/tail/data/RollingHigh.class; size in bytes: -1; file type: CLASS
	at org.jetbrains.kotlin.load.kotlin.VirtualFileKotlinClass$Factory.logFileReadingErrorMessage(VirtualFileKotlinClass.kt:77)
	at org.jetbrains.kotlin.load.kotlin.VirtualFileKotlinClass$Factory.create$lambda$3(VirtualFileKotlinClass.kt:68)
	at org.jetbrains.kotlin.util.PerformanceCounter.time(PerformanceCounter.kt:90)
	at org.jetbrains.kotlin.load.kotlin.VirtualFileKotlinClass$Factory.create$frontend_common_jvm(VirtualFileKotlinClass.kt:51)
	at org.jetbrains.kotlin.load.kotlin.KotlinBinaryClassCache$Companion.getKotlinBinaryClassOrClassFileContent$lambda$0(KotlinBinaryClassCache.kt:89)
	at org.jetbrains.kotlin.com.intellij.mock.MockApplication.runReadAction(MockApplication.java:190)
	at org.jetbrains.kotlin.load.kotlin.KotlinBinaryClassCache$Companion.getKotlinBinaryClassOrClassFileContent(KotlinBinaryClassCache.kt:88)
	at org.jetbrains.kotlin.load.kotlin.KotlinBinaryClassCache$Companion.getKotlinBinaryClassOrClassFileContent$default(KotlinBinaryClassCache.kt:72)
	at org.jetbrains.kotlin.load.kotlin.VirtualFileFinder.findKotlinClassOrContent(VirtualFileFinder.kt:37)
	at org.jetbrains.kotlin.fir.java.deserialization.JvmClassFileBasedSymbolProvider.extractClassMetadata(JvmClassFileBasedSymbolProvider.kt:161)
	at org.jetbrains.kotlin.fir.deserialization.AbstractFirDeserializedSymbolProvider.findAndDeserializeClass(AbstractFirDeserializedSymbolProvider.kt:228)
	at org.jetbrains.kotlin.fir.deserialization.AbstractFirDeserializedSymbolProvider.classCache$lambda$5(AbstractFirDeserializedSymbolProvider.kt:162)
	at org.jetbrains.kotlin.fir.caches.FirThreadUnsafeCacheWithPostCompute.getValue(FirThreadUnsafeCachesFactory.kt:58)
	at org.jetbrains.kotlin.fir.deserialization.AbstractFirDeserializedSymbolProvider.getClass(AbstractFirDeserializedSymbolProvider.kt:314)
	at org.jetbrains.kotlin.fir.deserialization.AbstractFirDeserializedSymbolProvider.getClass$default(AbstractFirDeserializedSymbolProvider.kt:297)
	at org.jetbrains.kotlin.fir.deserialization.AbstractFirDeserializedSymbolProvider.getClassLikeSymbolByClassId(AbstractFirDeserializedSymbolProvider.kt:371)
	at org.jetbrains.kotlin.fir.resolve.providers.impl.FirCachingCompositeSymbolProvider.computeClass(FirCachingCompositeSymbolProvider.kt:147)
	at org.jetbrains.kotlin.fir.resolve.providers.impl.FirCachingCompositeSymbolProvider.access$computeClass(FirCachingCompositeSymbolProvider.kt:27)
	at org.jetbrains.kotlin.fir.resolve.providers.impl.FirCachingCompositeSymbolProvider$special$$inlined$createCache$1.invoke(FirCachesFactory.kt:73)
	at org.jetbrains.kotlin.fir.resolve.providers.impl.FirCachingCompositeSymbolProvider$special$$inlined$createCache$1.invoke(FirCachesFactory.kt:71)
	at org.jetbrains.kotlin.fir.caches.FirThreadUnsafeCache.getValue(FirThreadUnsafeCachesFactory.kt:40)
	at org.jetbrains.kotlin.fir.resolve.providers.impl.FirCachingCompositeSymbolProvider.getClassLikeSymbolByClassId(FirCachingCompositeSymbolProvider.kt:174)
	at org.jetbrains.kotlin.fir.resolve.LookupTagUtilsKt.toSymbol(LookupTagUtils.kt:59)
	at org.jetbrains.kotlin.fir.resolve.TypeExpansionUtilsKt.directExpansionType(TypeExpansionUtils.kt:105)
	at org.jetbrains.kotlin.fir.resolve.TypeExpansionUtilsKt.fullyExpandedTypeNoCache(TypeExpansionUtils.kt:93)
	at org.jetbrains.kotlin.fir.resolve.TypeExpansionUtilsKt.fullyExpandedType(TypeExpansionUtils.kt:45)
	at org.jetbrains.kotlin.fir.resolve.TypeExpansionUtilsKt.fullyExpandedType$default(TypeExpansionUtils.kt:35)
	at org.jetbrains.kotlin.fir.types.TypeUtilsKt.toRegularClassSymbol(TypeUtils.kt:638)
	at org.jetbrains.kotlin.fir.types.TypeUtilsKt.toRegularClassSymbol(TypeUtils.kt:642)
	at org.jetbrains.kotlin.fir.analysis.checkers.expression.FirIncompatibleClassExpressionChecker.checkType$checkers(FirIncompatibleClassExpressionChecker.kt:41)
	at org.jetbrains.kotlin.fir.analysis.checkers.expression.FirIncompatibleClassExpressionChecker.check(FirIncompatibleClassExpressionChecker.kt:33)
	at org.jetbrains.kotlin.fir.analysis.checkers.expression.FirIncompatibleClassExpressionChecker.check(FirIncompatibleClassExpressionChecker.kt:25)
	at org.jetbrains.kotlin.fir.analysis.collectors.components.ExpressionCheckersDiagnosticComponent.check(ExpressionCheckersDiagnosticComponent.kt:266)
	at org.jetbrains.kotlin.fir.analysis.collectors.components.ExpressionCheckersDiagnosticComponent.visitFunctionCall(ExpressionCheckersDiagnosticComponent.kt:74)
	at org.jetbrains.kotlin.fir.analysis.collectors.components.ExpressionCheckersDiagnosticComponent.visitFunctionCall(ExpressionCheckersDiagnosticComponent.kt:19)
	at org.jetbrains.kotlin.fir.expressions.FirFunctionCall.accept(FirFunctionCall.kt:41)
	at org.jetbrains.kotlin.fir.analysis.collectors.CheckerRunningDiagnosticCollectorVisitor.checkElement(CheckerRunningDiagnosticCollectorVisitor.kt:24)
	at org.jetbrains.kotlin.fir.analysis.collectors.AbstractDiagnosticCollectorVisitor.visitElement(AbstractDiagnosticCollectorVisitor.kt:48)
	at org.jetbrains.kotlin.fir.analysis.collectors.AbstractDiagnosticCollectorVisitor.visitWithCallOrAssignment(AbstractDiagnosticCollectorVisitor.kt:346)
	at org.jetbrains.kotlin.fir.analysis.collectors.AbstractDiagnosticCollectorVisitor.visitFunctionCall(AbstractDiagnosticCollectorVisitor.kt:255)
	at org.jetbrains.kotlin.fir.analysis.collectors.AbstractDiagnosticCollectorVisitor.visitFunctionCall(AbstractDiagnosticCollectorVisitor.kt:30)
	at org.jetbrains.kotlin.fir.expressions.FirFunctionCall.accept(FirFunctionCall.kt:41)
	at org.jetbrains.kotlin.fir.expressions.impl.FirSingleExpressionBlock.acceptChildren(FirSingleExpressionBlock.kt:39)
	at org.jetbrains.kotlin.fir.analysis.collectors.AbstractDiagnosticCollectorVisitor.visitNestedElements(AbstractDiagnosticCollectorVisitor.kt:38)
	at org.jetbrains.kotlin.fir.analysis.collectors.AbstractDiagnosticCollectorVisitor.visitAnnotationContainer(AbstractDiagnosticCollectorVisitor.kt:61)
	at org.jetbrains.kotlin.fir.analysis.collectors.AbstractDiagnosticCollectorVisitor.visitAnnotationContainer(AbstractDiagnosticCollectorVisitor.kt:30)
	at org.jetbrains.kotlin.fir.visitors.FirDefaultVisitor.visitStatement(FirDefaultVisitor.kt:33)
	at org.jetbrains.kotlin.fir.visitors.FirDefaultVisitor.visitExpression(FirDefaultVisitor.kt:36)
	at org.jetbrains.kotlin.fir.analysis.collectors.AbstractDiagnosticCollectorVisitor.visitBlock(AbstractDiagnosticCollectorVisitor.kt:209)
	at org.jetbrains.kotlin.fir.analysis.collectors.AbstractDiagnosticCollectorVisitor.visitBlock(AbstractDiagnosticCollectorVisitor.kt:30)
	at org.jetbrains.kotlin.fir.expressions.FirBlock.accept(FirBlock.kt:28)
	at org.jetbrains.kotlin.fir.expressions.impl.FirRegularWhenBranch.acceptChildren(FirRegularWhenBranch.kt:30)
	at org.jetbrains.kotlin.fir.analysis.collectors.AbstractDiagnosticCollectorVisitor.visitNestedElements(AbstractDiagnosticCollectorVisitor.kt:38)
	at org.jetbrains.kotlin.fir.analysis.collectors.AbstractDiagnosticCollectorVisitor.visitElement(AbstractDiagnosticCollectorVisitor.kt:53)
	at org.jetbrains.kotlin.fir.analysis.collectors.AbstractDiagnosticCollectorVisitor.visitElement(AbstractDiagnosticCollectorVisitor.kt:30)
	at org.jetbrains.kotlin.fir.visitors.FirVisitor.visitWhenBranch(FirVisitor.kt:177)
	at org.jetbrains.kotlin.fir.expressions.FirWhenBranch.accept(FirWhenBranch.kt:27)
	at org.jetbrains.kotlin.fir.expressions.impl.FirWhenExpressionImpl.acceptChildren(FirWhenExpressionImpl.kt:47)
	at org.jetbrains.kotlin.fir.analysis.collectors.AbstractDiagnosticCollectorVisitor.visitNestedElements(AbstractDiagnosticCollectorVisitor.kt:38)
	at org.jetbrains.kotlin.fir.analysis.collectors.AbstractDiagnosticCollectorVisitor.visitElement(AbstractDiagnosticCollectorVisitor.kt:49)
	at org.jetbrains.kotlin.fir.analysis.collectors.AbstractDiagnosticCollectorVisitor.visitElement(AbstractDiagnosticCollectorVisitor.kt:30)
	at org.jetbrains.kotlin.fir.visitors.FirVisitor.visitWhenExpression(FirVisitor.kt:453)
	at org.jetbrains.kotlin.fir.expressions.FirWhenExpression.accept(FirWhenExpression.kt:35)
	at org.jetbrains.kotlin.fir.expressions.impl.FirReturnExpressionImpl.acceptChildren(FirReturnExpressionImpl.kt:41)
	at org.jetbrains.kotlin.fir.analysis.collectors.AbstractDiagnosticCollectorVisitor.visitNestedElements(AbstractDiagnosticCollectorVisitor.kt:38)
	at org.jetbrains.kotlin.fir.analysis.collectors.AbstractDiagnosticCollectorVisitor.visitAnnotationContainer(AbstractDiagnosticCollectorVisitor.kt:61)
	at org.jetbrains.kotlin.fir.analysis.collectors.AbstractDiagnosticCollectorVisitor.visitAnnotationContainer(AbstractDiagnosticCollectorVisitor.kt:30)
	at org.jetbrains.kotlin.fir.visitors.FirDefaultVisitor.visitStatement(FirDefaultVisitor.kt:33)
	at org.jetbrains.kotlin.fir.visitors.FirDefaultVisitor.visitExpression(FirDefaultVisitor.kt:36)
	at org.jetbrains.kotlin.fir.visitors.FirDefaultVisitor.visitJump(FirDefaultVisitor.kt:54)
	at org.jetbrains.kotlin.fir.visitors.FirDefaultVisitor.visitReturnExpression(FirDefaultVisitor.kt:66)
	at org.jetbrains.kotlin.fir.expressions.FirReturnExpression.accept(FirReturnExpression.kt:31)
	at org.jetbrains.kotlin.fir.expressions.impl.FirBlockImpl.acceptChildren(FirBlockImpl.kt:36)
	at org.jetbrains.kotlin.fir.analysis.collectors.AbstractDiagnosticCollectorVisitor.visitNestedElements(AbstractDiagnosticCollectorVisitor.kt:38)
	at org.jetbrains.kotlin.fir.analysis.collectors.AbstractDiagnosticCollectorVisitor.visitAnnotationContainer(AbstractDiagnosticCollectorVisitor.kt:61)
	at org.jetbrains.kotlin.fir.analysis.collectors.AbstractDiagnosticCollectorVisitor.visitAnnotationContainer(AbstractDiagnosticCollectorVisitor.kt:30)
	at org.jetbrains.kotlin.fir.visitors.FirDefaultVisitor.visitStatement(FirDefaultVisitor.kt:33)
	at org.jetbrains.kotlin.fir.visitors.FirDefaultVisitor.visitExpression(FirDefaultVisitor.kt:36)
	at org.jetbrains.kotlin.fir.analysis.collectors.AbstractDiagnosticCollectorVisitor.visitBlock(AbstractDiagnosticCollectorVisitor.kt:209)
	at org.jetbrains.kotlin.fir.analysis.collectors.AbstractDiagnosticCollectorVisitor.visitBlock(AbstractDiagnosticCollectorVisitor.kt:30)
	at org.jetbrains.kotlin.fir.expressions.FirBlock.accept(FirBlock.kt:28)
	at org.jetbrains.kotlin.fir.declarations.impl.FirAnonymousFunctionImpl.acceptChildren(FirAnonymousFunctionImpl.kt:75)
	at org.jetbrains.kotlin.fir.analysis.collectors.AbstractDiagnosticCollectorVisitor.visitNestedElements(AbstractDiagnosticCollectorVisitor.kt:38)
	at org.jetbrains.kotlin.fir.analysis.collectors.AbstractDiagnosticCollectorVisitor.visitWithDeclarationAndReceiver(AbstractDiagnosticCollectorVisitor.kt:311)
	at org.jetbrains.kotlin.fir.analysis.collectors.AbstractDiagnosticCollectorVisitor.visitAnonymousFunction(AbstractDiagnosticCollectorVisitor.kt:141)
	at org.jetbrains.kotlin.fir.analysis.collectors.AbstractDiagnosticCollectorVisitor.visitAnonymousFunctionExpression(AbstractDiagnosticCollectorVisitor.kt:134)
	at org.jetbrains.kotlin.fir.analysis.collectors.AbstractDiagnosticCollectorVisitor.visitAnonymousFunctionExpression(AbstractDiagnosticCollectorVisitor.kt:30)
	at org.jetbrains.kotlin.fir.expressions.FirAnonymousFunctionExpression.accept(FirAnonymousFunctionExpression.kt:30)
	at org.jetbrains.kotlin.fir.expressions.impl.FirResolvedArgumentList.acceptChildren(FirResolvedArgumentList.kt:35)
	at org.jetbrains.kotlin.fir.analysis.collectors.AbstractDiagnosticCollectorVisitor.visitNestedElements(AbstractDiagnosticCollectorVisitor.kt:38)
	at org.jetbrains.kotlin.fir.analysis.collectors.AbstractDiagnosticCollectorVisitor.visitElement(AbstractDiagnosticCollectorVisitor.kt:53)
	at org.jetbrains.kotlin.fir.analysis.collectors.AbstractDiagnosticCollectorVisitor.visitElement(AbstractDiagnosticCollectorVisitor.kt:30)
	at org.jetbrains.kotlin.fir.visitors.FirVisitor.visitArgumentList(FirVisitor.kt:81)
	at org.jetbrains.kotlin.fir.expressions.FirArgumentList.accept(FirArgumentList.kt:25)
	at org.jetbrains.kotlin.fir.expressions.impl.FirFunctionCallImpl.acceptChildren(FirFunctionCallImpl.kt:55)
	at org.jetbrains.kotlin.fir.analysis.collectors.AbstractDiagnosticCollectorVisitor.visitNestedElements(AbstractDiagnosticCollectorVisitor.kt:38)
	at org.jetbrains.kotlin.fir.analysis.collectors.AbstractDiagnosticCollectorVisitor.visitElement(AbstractDiagnosticCollectorVisitor.kt:49)
	at org.jetbrains.kotlin.fir.analysis.collectors.AbstractDiagnosticCollectorVisitor.visitWithCallOrAssignment(AbstractDiagnosticCollectorVisitor.kt:346)
	at org.jetbrains.kotlin.fir.analysis.collectors.AbstractDiagnosticCollectorVisitor.visitFunctionCall(AbstractDiagnosticCollectorVisitor.kt:255)
	at org.jetbrains.kotlin.fir.analysis.collectors.AbstractDiagnosticCollectorVisitor.visitFunctionCall(AbstractDiagnosticCollectorVisitor.kt:30)
	at org.jetbrains.kotlin.fir.expressions.FirFunctionCall.accept(FirFunctionCall.kt:41)
	at org.jetbrains.kotlin.fir.expressions.impl.FirVariableAssignmentImpl.acceptChildren(FirVariableAssignmentImpl.kt:33)
	at org.jetbrains.kotlin.fir.analysis.collectors.AbstractDiagnosticCollectorVisitor.visitNestedElements(AbstractDiagnosticCollectorVisitor.kt:38)
	at org.jetbrains.kotlin.fir.analysis.collectors.AbstractDiagnosticCollectorVisitor.visitElement(AbstractDiagnosticCollectorVisitor.kt:49)
	at org.jetbrains.kotlin.fir.analysis.collectors.AbstractDiagnosticCollectorVisitor.visitWithCallOrAssignment(AbstractDiagnosticCollectorVisitor.kt:346)
	at org.jetbrains.kotlin.fir.analysis.collectors.AbstractDiagnosticCollectorVisitor.visitVariableAssignment(AbstractDiagnosticCollectorVisitor.kt:271)
	at org.jetbrains.kotlin.fir.analysis.collectors.AbstractDiagnosticCollectorVisitor.visitVariableAssignment(AbstractDiagnosticCollectorVisitor.kt:30)
	at org.jetbrains.kotlin.fir.expressions.FirVariableAssignment.accept(FirVariableAssignment.kt:27)
	at org.jetbrains.kotlin.fir.expressions.impl.FirBlockImpl.acceptChildren(FirBlockImpl.kt:36)
	at org.jetbrains.kotlin.fir.analysis.collectors.AbstractDiagnosticCollectorVisitor.visitNestedElements(AbstractDiagnosticCollectorVisitor.kt:38)
	at org.jetbrains.kotlin.fir.analysis.collectors.AbstractDiagnosticCollectorVisitor.visitAnnotationContainer(AbstractDiagnosticCollectorVisitor.kt:61)
	at org.jetbrains.kotlin.fir.analysis.collectors.AbstractDiagnosticCollectorVisitor.visitAnnotationContainer(AbstractDiagnosticCollectorVisitor.kt:30)
	at org.jetbrains.kotlin.fir.visitors.FirDefaultVisitor.visitStatement(FirDefaultVisitor.kt:33)
	at org.jetbrains.kotlin.fir.visitors.FirDefaultVisitor.visitExpression(FirDefaultVisitor.kt:36)
	at org.jetbrains.kotlin.fir.analysis.collectors.AbstractDiagnosticCollectorVisitor.visitBlock(AbstractDiagnosticCollectorVisitor.kt:209)
	at org.jetbrains.kotlin.fir.analysis.collectors.AbstractDiagnosticCollectorVisitor.visitBlock(AbstractDiagnosticCollectorVisitor.kt:30)
	at org.jetbrains.kotlin.fir.expressions.FirBlock.accept(FirBlock.kt:28)
	at org.jetbrains.kotlin.fir.declarations.impl.FirSimpleFunctionImpl.acceptChildren(FirSimpleFunctionImpl.kt:68)
	at org.jetbrains.kotlin.fir.analysis.collectors.AbstractDiagnosticCollectorVisitor.visitNestedElements(AbstractDiagnosticCollectorVisitor.kt:38)
	at org.jetbrains.kotlin.fir.analysis.collectors.AbstractDiagnosticCollectorVisitor.visitWithDeclarationAndReceiver(AbstractDiagnosticCollectorVisitor.kt:311)
	at org.jetbrains.kotlin.fir.analysis.collectors.AbstractDiagnosticCollectorVisitor.visitSimpleFunction(AbstractDiagnosticCollectorVisitor.kt:118)
	at org.jetbrains.kotlin.fir.analysis.collectors.AbstractDiagnosticCollectorVisitor.visitSimpleFunction(AbstractDiagnosticCollectorVisitor.kt:30)
	at org.jetbrains.kotlin.fir.declarations.FirSimpleFunction.accept(FirSimpleFunction.kt:51)
	at org.jetbrains.kotlin.fir.declarations.impl.FirRegularClassImpl.acceptChildren(FirRegularClassImpl.kt:63)
	at org.jetbrains.kotlin.fir.analysis.collectors.AbstractDiagnosticCollectorVisitor.visitNestedElements(AbstractDiagnosticCollectorVisitor.kt:38)
	at org.jetbrains.kotlin.fir.analysis.collectors.AbstractDiagnosticCollectorVisitor.visitWithDeclarationAndReceiver(AbstractDiagnosticCollectorVisitor.kt:311)
	at org.jetbrains.kotlin.fir.analysis.collectors.AbstractDiagnosticCollectorVisitor.visitClassAndChildren(AbstractDiagnosticCollectorVisitor.kt:87)
	at org.jetbrains.kotlin.fir.analysis.collectors.AbstractDiagnosticCollectorVisitor.visitRegularClass(AbstractDiagnosticCollectorVisitor.kt:92)
	at org.jetbrains.kotlin.fir.analysis.collectors.AbstractDiagnosticCollectorVisitor.visitRegularClass(AbstractDiagnosticCollectorVisitor.kt:30)
	at org.jetbrains.kotlin.fir.declarations.FirRegularClass.accept(FirRegularClass.kt:48)
	at org.jetbrains.kotlin.fir.declarations.impl.FirFileImpl.acceptChildren(FirFileImpl.kt:57)
	at org.jetbrains.kotlin.fir.analysis.collectors.AbstractDiagnosticCollectorVisitor.visitNestedElements(AbstractDiagnosticCollectorVisitor.kt:38)
	at org.jetbrains.kotlin.fir.analysis.collectors.AbstractDiagnosticCollectorVisitor.visitFile(AbstractDiagnosticCollectorVisitor.kt:1151)
	at org.jetbrains.kotlin.fir.analysis.collectors.AbstractDiagnosticCollectorVisitor.visitFile(AbstractDiagnosticCollectorVisitor.kt:30)
	at org.jetbrains.kotlin.fir.declarations.FirFile.accept(FirFile.kt:42)
	at org.jetbrains.kotlin.fir.analysis.collectors.AbstractDiagnosticCollector.collectDiagnostics(AbstractDiagnosticCollector.kt:36)
	at org.jetbrains.kotlin.fir.pipeline.AnalyseKt.runCheckers(analyse.kt:34)
	... 34 more
Caused by: java.nio.file.NoSuchFileException: /home/twain/AndroidStudioProjects/tail/app/build/tmp/kotlin-classes/debug/com/example/tail/data/RollingHigh.class
	at java.base/sun.nio.fs.UnixException.translateToIOException(Unknown Source)
	at java.base/sun.nio.fs.UnixException.rethrowAsIOException(Unknown Source)
	at java.base/sun.nio.fs.UnixException.rethrowAsIOException(Unknown Source)
	at java.base/sun.nio.fs.UnixFileSystemProvider.newByteChannel(Unknown Source)
	at java.base/java.nio.file.Files.newByteChannel(Unknown Source)
	at java.base/java.nio.file.Files.newByteChannel(Unknown Source)
	at java.base/java.nio.file.Files.readAllBytes(Unknown Source)
	at org.jetbrains.kotlin.com.intellij.openapi.vfs.local.CoreLocalVirtualFile.contentsToByteArray(CoreLocalVirtualFile.java:148)
	at org.jetbrains.kotlin.com.intellij.openapi.vfs.VirtualFile.contentsToByteArray(VirtualFile.java:627)
	at org.jetbrains.kotlin.load.kotlin.VirtualFileKotlinClass$Factory.create$lambda$3(VirtualFileKotlinClass.kt:55)
	... 169 more


error message: Daemon compilation failed: null
java.lang.Exception
	at org.jetbrains.kotlin.daemon.common.CompileService$CallResult$Error.get(CompileService.kt:69)
	at org.jetbrains.kotlin.daemon.common.CompileService$CallResult$Error.get(CompileService.kt:65)
	at org.jetbrains.kotlin.compilerRunner.GradleKotlinCompilerWork.compileWithDaemon(GradleKotlinCompilerWork.kt:240)
	at org.jetbrains.kotlin.compilerRunner.GradleKotlinCompilerWork.compileWithDaemonOrFallbackImpl(GradleKotlinCompilerWork.kt:159)
	at org.jetbrains.kotlin.compilerRunner.GradleKotlinCompilerWork.run(GradleKotlinCompilerWork.kt:111)
	at org.jetbrains.kotlin.compilerRunner.GradleCompilerRunnerWithWorkers$GradleKotlinCompilerWorkAction.execute(GradleCompilerRunnerWithWorkers.kt:76)
	at org.gradle.workers.internal.DefaultWorkerServer.execute(DefaultWorkerServer.java:63)
	at org.gradle.workers.internal.NoIsolationWorkerFactory$1$1.create(NoIsolationWorkerFactory.java:66)
	at org.gradle.workers.internal.NoIsolationWorkerFactory$1$1.create(NoIsolationWorkerFactory.java:62)
	at org.gradle.internal.classloader.ClassLoaderUtils.executeInClassloader(ClassLoaderUtils.java:100)
	at org.gradle.workers.internal.NoIsolationWorkerFactory$1.lambda$execute$0(NoIsolationWorkerFactory.java:62)
	at org.gradle.workers.internal.AbstractWorker$1.call(AbstractWorker.java:44)
	at org.gradle.workers.internal.AbstractWorker$1.call(AbstractWorker.java:41)
	at org.gradle.internal.operations.DefaultBuildOperationRunner$CallableBuildOperationWorker.execute(DefaultBuildOperationRunner.java:210)
	at org.gradle.internal.operations.DefaultBuildOperationRunner$CallableBuildOperationWorker.execute(DefaultBuildOperationRunner.java:205)
	at org.gradle.internal.operations.DefaultBuildOperationRunner$2.execute(DefaultBuildOperationRunner.java:67)
	at org.gradle.internal.operations.DefaultBuildOperationRunner$2.execute(DefaultBuildOperationRunner.java:60)
	at org.gradle.internal.operations.DefaultBuildOperationRunner.execute(DefaultBuildOperationRunner.java:167)
	at org.gradle.internal.operations.DefaultBuildOperationRunner.execute(DefaultBuildOperationRunner.java:60)
	at org.gradle.internal.operations.DefaultBuildOperationRunner.call(DefaultBuildOperationRunner.java:54)
	at org.gradle.workers.internal.AbstractWorker.executeWrappedInBuildOperation(AbstractWorker.java:41)
	at org.gradle.workers.internal.NoIsolationWorkerFactory$1.execute(NoIsolationWorkerFactory.java:59)
	at org.gradle.workers.internal.DefaultWorkerExecutor.lambda$submitWork$0(DefaultWorkerExecutor.java:174)
	at java.base/java.util.concurrent.FutureTask.run(Unknown Source)
	at org.gradle.internal.work.DefaultConditionalExecutionQueue$ExecutionRunner.runExecution(DefaultConditionalExecutionQueue.java:194)
	at org.gradle.internal.work.DefaultConditionalExecutionQueue$ExecutionRunner.access$700(DefaultConditionalExecutionQueue.java:127)
	at org.gradle.internal.work.DefaultConditionalExecutionQueue$ExecutionRunner$1.run(DefaultConditionalExecutionQueue.java:169)
	at org.gradle.internal.Factories$1.create(Factories.java:31)
	at org.gradle.internal.work.DefaultWorkerLeaseService.withLocks(DefaultWorkerLeaseService.java:263)
	at org.gradle.internal.work.DefaultWorkerLeaseService.runAsWorkerThread(DefaultWorkerLeaseService.java:127)
	at org.gradle.internal.work.DefaultWorkerLeaseService.runAsWorkerThread(DefaultWorkerLeaseService.java:132)
	at org.gradle.internal.work.DefaultConditionalExecutionQueue$ExecutionRunner.runBatch(DefaultConditionalExecutionQueue.java:164)
	at org.gradle.internal.work.DefaultConditionalExecutionQueue$ExecutionRunner.run(DefaultConditionalExecutionQueue.java:133)
	at java.base/java.util.concurrent.Executors$RunnableAdapter.call(Unknown Source)
	at java.base/java.util.concurrent.FutureTask.run(Unknown Source)
	at org.gradle.internal.concurrent.ExecutorPolicy$CatchAndRecordFailures.onExecute(ExecutorPolicy.java:64)
	at org.gradle.internal.concurrent.AbstractManagedExecutor$1.run(AbstractManagedExecutor.java:48)
	at java.base/java.util.concurrent.ThreadPoolExecutor.runWorker(Unknown Source)
	at java.base/java.util.concurrent.ThreadPoolExecutor$Worker.run(Unknown Source)
	at java.base/java.lang.Thread.run(Unknown Source)
Caused by: java.nio.file.NoSuchFileException: /tmp/kotlin-backups1613270531038570430/15.backup -> /home/twain/AndroidStudioProjects/tail/app/build/tmp/kotlin-classes/debug/com/example/tail/ui/HabitViewModel$setFileUri$1.class
	at java.base/sun.nio.fs.UnixException.translateToIOException(Unknown Source)
	at java.base/sun.nio.fs.UnixException.rethrowAsIOException(Unknown Source)
	at java.base/sun.nio.fs.UnixFileSystem.move(Unknown Source)
	at java.base/sun.nio.fs.UnixFileSystemProvider.move(Unknown Source)
	at java.base/java.nio.file.Files.move(Unknown Source)
	at org.jetbrains.kotlin.incremental.RecoverableCompilationTransaction.revertChanges(CompilationTransaction.kt:231)
	at org.jetbrains.kotlin.incremental.RecoverableCompilationTransaction.close(CompilationTransaction.kt:256)
	at org.jetbrains.kotlin.incremental.IncrementalCompilerRunner.tryCompileIncrementally(IncrementalCompilerRunner.kt:747)
	at org.jetbrains.kotlin.incremental.IncrementalCompilerRunner.compile(IncrementalCompilerRunner.kt:120)
	at org.jetbrains.kotlin.daemon.CompileServiceImplBase.execIncrementalCompiler(CompileServiceImpl.kt:675)
	at org.jetbrains.kotlin.daemon.CompileServiceImplBase.access$execIncrementalCompiler(CompileServiceImpl.kt:92)
	at org.jetbrains.kotlin.daemon.CompileServiceImpl.compile(CompileServiceImpl.kt:1660)
	at java.base/jdk.internal.reflect.DirectMethodHandleAccessor.invoke(Unknown Source)
	at java.base/java.lang.reflect.Method.invoke(Unknown Source)
	at java.rmi/sun.rmi.server.UnicastServerRef.dispatch(Unknown Source)
	at java.rmi/sun.rmi.transport.Transport$1.run(Unknown Source)
	at java.rmi/sun.rmi.transport.Transport$1.run(Unknown Source)
	at java.base/java.security.AccessController.doPrivileged(Unknown Source)
	at java.rmi/sun.rmi.transport.Transport.serviceCall(Unknown Source)
	at java.rmi/sun.rmi.transport.tcp.TCPTransport.handleMessages(Unknown Source)
	at java.rmi/sun.rmi.transport.tcp.TCPTransport$ConnectionHandler.run0(Unknown Source)
	at java.rmi/sun.rmi.transport.tcp.TCPTransport$ConnectionHandler.lambda$run$0(Unknown Source)
	at java.base/java.security.AccessController.doPrivileged(Unknown Source)
	at java.rmi/sun.rmi.transport.tcp.TCPTransport$ConnectionHandler.run(Unknown Source)
	... 3 more


